<?xml version="1.0" encoding="utf-8"?><testsuites name="pytest tests"><testsuite name="pytest" errors="0" failures="1" skipped="3" tests="49" time="0.394" timestamp="2026-09-11T13:03:52.583989+05:30" hostname="DESKTOP-NPRB81L"><testcase classname="test_add" name="test_add" time="0.001" /><testcase classname="test_add" name="test_add_negative_numbers" time="0.001" /><testcase classname="test_calculate" name="test_add" time="0.001" /><testcase classname="test_calculate" name="test_sub" time="0.001" /><testcase classname="test_calculate" name="test_mul" time="0.002" /><testcase classname="test_calculate" name="test_even" time="0.001" /><testcase classname="test_calculate" name="test_name" time="0.001" /><testcase classname="test_calculate_fix" name="test_add" time="0.000" /><testcase classname="test_company" name="test_company" time="0.001" /><testcase classname="test_demo" name="test_addition" time="0.000" /><testcase classname="test_demo" name="test_subtraction" time="0.000" /><testcase classname="test_dm1" name="test_add" time="0.000" /><testcase classname="test_fix" name="test_user_name" time="0.001" /><testcase classname="test_fixture_class_scope.TestEmployeeDetails" name="test_name" time="0.001" /><testcase classname="test_fixture_class_scope.TestEmployeeDetails" name="test_age" time="0.001" /><testcase classname="test_fixture_module_scope" name="test_name" time="0.001" /><testcase classname="test_fixture_module_scope.TestEmployeedetails" name="test_two" time="0.001" /><testcase classname="test_fixture_scope" name="test_one" time="0.002" /><testcase classname="test_fixture_scope" name="test_two" time="0.001" /><testcase classname="test_fixture_yield" name="test_emp" time="0.001" /><testcase classname="test_login" name="test_employee" time="0.003" /><testcase classname="test_marker" name="test_login" time="0.000" /><testcase classname="test_marker" name="test_logout" time="0.000" /><testcase classname="test_marker" name="test_payment" time="0.000" /><testcase classname="test_mul" name="test_users" time="0.000" /><testcase classname="test_mul" name="test_divide" time="0.000" /><testcase classname="test_mul" name="test_divide_by_zero" time="0.000" /><testcase classname="test_multiple_assert" name="test_user" time="0.000" /><testcase classname="test_multiple_assert" name="test_numbers" time="0.000" /><testcase classname="test_multiple_assert" name="test_salary" time="0.000" /><testcase classname="test_para" name="test_login[admin]" time="0.000" /><testcase classname="test_para" name="test_login[user1]" time="0.000" /><testcase classname="test_para" name="test_login[user2]" time="0.000" /><testcase classname="test_parameter" name="test_numbers[1]" time="0.001" /><testcase classname="test_parameter" name="test_numbers[2]" time="0.001" /><testcase classname="test_parameter" name="test_numbers[3]" time="0.000" /><testcase classname="test_parameter" name="test_numbers[4]" time="0.001" /><testcase classname="test_parameter" name="test_numbers[5]" time="0.001" /><testcase classname="test_parameter" name="test_numbers[6]" time="0.000" /><testcase classname="test_parameter" name="test_num[1-2-3]" time="0.001" /><testcase classname="test_parameter" name="test_num[4-5-9]" time="0.000" /><testcase classname="test_parameter" name="test_num[5-5-10]" time="0.000" /><testcase classname="test_sample" name="test_login" time="0.000" /><testcase classname="test_sample" name="test_logout" time="0.000"><failure message="assert 1 == 2">def test_logout():
&gt;       assert 1 == 2
E       assert 1 == 2

test_sample.py:6: AssertionError</failure></testcase><testcase classname="test_skip" name="test_payments" time="0.000"><skipped type="pytest.skip" message="Feature is not ready">C:\Users\DELL\Desktop\pytest_project\test_skip.py:2: Feature is not ready</skipped></testcase><testcase classname="test_skip" name="test_login" time="0.000" /><testcase classname="test_xfail" name="test_payment" time="0.000"><skipped type="pytest.skip" message="Feature not ready">C:\Users\DELL\Desktop\pytest_project\test_xfail.py:4: Feature not ready</skipped></testcase><testcase classname="test_xfail" name="test_login" time="0.000"><skipped type="pytest.xfail" message="Known bug" /></testcase><testcase classname="test_xfail" name="test_homepage" time="0.000" /></testsuite></testsuites>